# some mail programs
mutt
alpine-git
claws-mail-gtk2
libytnef		# optional for claws-mail
poppler-glib		# optional for claws-mail
ghostscript		# optional for claws-mail
libical			# optional for claws-mail
dillo			# optional for claws-mail
gumbo-parser		# optional for claws-mail
spamassassin		# optional for claws-mail
bogofilter		# optional for claws-mail
libgdata		# optional for claws-mail
clawsker
balsa-gtk2
checkgmail
mailutils
#thunderbird-gtk2
seamonkey
#seamonkey-gtk2
spamassassin
bogofilter
clamav

# some games
ace-of-penguins
bomberclone
critter
eboard
extremetuxracer
five-or-more
flobopuyo
freedroid
frozen-bubble
glchess
xmahjongg

# documents and media and desktop productivity
abiword-gtk2
brasero2
dia
evolution-data-server
epdfview
file-roller2-nn
flpsed
#gedit2
gpaint
markdown
smplayer
mplayer
recordmydesktop
txt2man
typespeed
urlgrabber
urlview
webalizer-xtended
xfe-arch
xsane

# more browsers and webanalyzers
epiphany
visitors

# themes
absolute-theme
archlinux-artwork
archlinux-themes-slim
archlinux-wallpaper
fvwm-xdg-menu
gtk-engine-mist
gtk-engine-murrine
oxygen
# no more kde4
#oxygen-kde4
slim-theme-burning-arch
slim-themes
terminus-font
terminus-font-ttf
ttf-aenigma
ttf-oxygen
xcursor-base
xdm-arch-theme
xdm-archlinux
xdm-minimalist
xdm-svg-theme

# electronics
spice
spice-gtk3

# audio and media
ardour
harvid
audacity
pragha
gnome-alsamixer
jack2
jack-rack
paprefs
paman
pavucontrol-gtk2
pamixer
# kdenlive works better with these
movit
frei0r-plugins
kdenlive
openshot
shotcut
pulseaudio
pulseaudio-alsa
pulseaudio-bluetooth
pulseaudio-equalizer
pulseaudio-equalizer-ladspa
pulseaudio-jack
pulseaudio-rtp
pulsemixer
youtube-dl
# lash - no longer in community (sun rpc)
pavumeter

# camera tools
capture
gtkam

# science
chemtool
drawxtl
ghemical

# accessibility
at-spi2-atk
dasher
eekboard

# networking
btscanner
connman-ui-git
gnome-bluetooth
etherape
filezilla
freeradius
fwbuilder
gftp
grsync
hexchat
networkmanager-ifupdown
newsboat
nsd
sipp-git
transmission-cli
#xchat # replaced by hexchat
seahaven
openldap
monitorix

# terminals
eterm
tcsh

# file systems
fuse-exfat
exfat-utils
mdbtools-git
rpmextract

# IDEs and testing
geany
geany-plugins
extra-cmake-modules
dogtail
eric

# window managers and utilities
eggwm
#enlightenment16
enlightenment
cairo-msg
gcolor2
gdmenu
gdm-old
gkrellm
glasswm
goomwwm
gtk2_prefs
mutter
mvwm-git
wmapp
wumwum
xautolock
xsettings-client
xsettingsd
xtoolwait-git

#systray
cpp-alsa-volume-gtk2
vattery
trayclock
pasystray-gtk2

ssvnc-nojava
xrdp
pulseaudio-module-xrdp

# backup
deja-dup

# system tools
gparted
hivex
efitools
rrdtool
system-config-printer
systemd-ui-git
yaourt-gui
cpupower
hal
