amd-ucode
btrfs-progs
clonezilla
dhclient
dialog
dmraid
edk2-shell
elinks
f2fs-tools
grml-zsh-config
grub-bios
grub-common
# grub-efi-i386
grub-efi-x86_64
intel-ucode
irssi
lftp
linux-atm
mc
mtools
ncftp
nilfs-utils
nmap
os-prober
partimage
rtorrent
speedtouch
usb_modeswitch
vbetool
wvdial
zsh

aspell
at
atop
aumix
bashtop
bvi
bviplus
ckermit
cmatrix
dialog
hexedit
htop
iftop
iptraf-ng
iptstate
#isdn4k-utils
libcdio
mutt
nano
nethogs
netwatch
nmon
pktstat
procinfo-ng
procps-ng
psmisc
sl
texinfo
vbindiff
vifm
xfsprogs
xrestop
xterm
yacpi
