#
# Software development packages (over and above base-devel)
#
gnulib-git
#
asciidoc
astyle
bin86
bzrtools
clang
cmake
cscope
ctags
cvs
cvs2svn
cvsps2
docbook-to-man
doxygen
fastjar
freeglut
ftjam
gdb
gendesk
git-bzr-kfish-git
git-bzr-ng
gjdoc
glib2-docs
gob2
gperf
graphviz
gtk-doc
imake
indent
intltool
itstool
latex2html
linuxdoc-tools
linux-unx-headers
mercurial
namcap
pacgraph
pkgbuild-introspection
pkgman
po4a
psutils
sharutils
sloccount
sqlite-doc
strace
subversion
swig
transfig
valgrind
vim-fugitive
xdelta
xmltoman
xscope
