arch-install-scripts
b43-fwcutter
bind-tools
btrfs-progs
clonezilla
crda
darkhttpd
ddrescue
dhclient
dialog
dmraid
dnsmasq
dosfstools
elinks
ethtool
f2fs-tools
fsarchiver
# gnu-netcat	    # need openbsd-netcat for virtualization
gpm
gptfdisk
grml-zsh-config
# grub		    # we use older grub-*-2.00
haveged
hdparm
intel-ucode
ipw2100-fw
ipw2200-fw
irssi
lftp
linux-atm
mc
mtools
nfs-utils
nilfs-utils
nmap
ntfs-3g
ntp
openconnect
openssh
openvpn
partclone
parted
partimage
ppp
pptpclient
rfkill
rp-pppoe
rsync
smartmontools
speedtouch
sudo
tcpdump
testdisk
usb_modeswitch
vpnc
wget
wireless_tools
wpa_actiond
wvdial
xl2tpd
zd1211-firmware
zsh

# arch adds these for x86_64
# gummiboot
# prebootloader
# refind-efi
