libvirt
# optional dependencies for libvirt
# ebtables - now part of iptables
dnsmasq
bridge-utils
openbsd-netcat
qemu
radvd
dmidecode
# pm-utils
libguestfs
perl-sys-virt
libvirt-glib
libvirt-python
virt-manager

virtualbox
# optional dependencies for virtualbox
qt4
vde2
virtualbox-guest-utils
virtualbox-guest-iso
virtualbox-ext-vnc
virtualbox-sdk
net-tools

#linux-unx-headers
linux-lts-headers
#virtualbox-guest-modules-arch
#virtualbox-host-modules-arch
#virtualbox-guest-dkms
#virtualbox-host-dkms
VIRTUALBOX-GUEST-MODULES-LTS
VIRTUALBOX-HOST-MODULES-LTS

remotebox
# optional depedencies for remotebox
rdesktop

gnome-boxes

#qemu-launcher
